<?xml version="1.0" encoding="UTF-8"?>
<!-- Generated by org.testng.reporters.JUnitXMLReporter -->
<testsuite hostname="MAVBCP532" ignored="0" name="Default test" tests="9" failures="0" timestamp="2020-06-28T17:10:13 IST" time="0.401" errors="0">
  <testcase name="add" time="0.03" classname="com.testNGassignment.Calculator"/>
  <testcase name="divideInt" time="0.008" classname="com.testNGassignment.Calculator"/>
  <testcase name="divideReal" time="0.01" classname="com.testNGassignment.Calculator"/>
  <testcase name="exponent" time="0.016" classname="com.testNGassignment.Calculator"/>
  <testcase name="inverse" time="0.014" classname="com.testNGassignment.Calculator"/>
  <testcase name="modulus" time="0.011" classname="com.testNGassignment.Calculator"/>
  <testcase name="multiply" time="0.004" classname="com.testNGassignment.Calculator"/>
  <testcase name="negate" time="0.007" classname="com.testNGassignment.Calculator"/>
  <testcase name="subtract" time="0.018" classname="com.testNGassignment.Calculator"/>
</testsuite> <!-- Default test -->
