<?xml version="1.0" encoding="UTF-8"?>
<!-- Generated by org.testng.reporters.JUnitXMLReporter -->
<testsuite hostname="MAVBCP532" ignored="1" name="TestNG Test1" tests="2" failures="2" timestamp="2020-06-22T15:22:15 IST" time="11.039" errors="0">
  <testcase name="checkoutProduct" time="8.651" classname="com.androidapp.tests.AndroidTests">
    <failure type="java.lang.NullPointerException">
      <![CDATA[java.lang.NullPointerException
at java.util.Objects.requireNonNull(Unknown Source)
at org.openqa.selenium.support.ui.FluentWait.<init>(FluentWait.java:106)
at org.openqa.selenium.support.ui.WebDriverWait.<init>(WebDriverWait.java:85)
at org.openqa.selenium.support.ui.WebDriverWait.<init>(WebDriverWait.java:45)
at com.maveric.core.utils.mobile.MobileActions.<init>(MobileActions.java:38)
at com.androidapp.pages.LoginPage.<init>(LoginPage.java:26)
at com.androidapp.tests.AndroidTests.checkoutProduct(AndroidTests.java:44)
at java.util.concurrent.ThreadPoolExecutor.runWorker(Unknown Source)
at java.util.concurrent.ThreadPoolExecutor$Worker.run(Unknown Source)
at java.lang.Thread.run(Unknown Source)
... Removed 12 stack frames]]>
    </failure>
  </testcase> <!-- checkoutProduct -->
  <testcase name="loginWithInvalidCredentials" time="2.096" classname="com.androidapp.tests.AndroidTests">
    <failure type="java.lang.NullPointerException">
      <![CDATA[java.lang.NullPointerException
at java.util.Objects.requireNonNull(Unknown Source)
at org.openqa.selenium.support.ui.FluentWait.<init>(FluentWait.java:106)
at org.openqa.selenium.support.ui.WebDriverWait.<init>(WebDriverWait.java:85)
at org.openqa.selenium.support.ui.WebDriverWait.<init>(WebDriverWait.java:45)
at com.maveric.core.utils.mobile.MobileActions.<init>(MobileActions.java:38)
at com.androidapp.pages.LoginPage.<init>(LoginPage.java:26)
at com.androidapp.tests.AndroidTests.loginWithInvalidCredentials(AndroidTests.java:32)
at java.util.concurrent.ThreadPoolExecutor.runWorker(Unknown Source)
at java.util.concurrent.ThreadPoolExecutor$Worker.run(Unknown Source)
at java.lang.Thread.run(Unknown Source)
... Removed 12 stack frames]]>
    </failure>
  </testcase> <!-- loginWithInvalidCredentials -->
  <testcase name="loginWithValidCredentials" time="0.0" classname="com.androidapp.tests.AndroidTests">
    <ignored/>
  </testcase> <!-- loginWithValidCredentials -->
</testsuite> <!-- TestNG Test1 -->
