<?xml version="1.0" encoding="UTF-8"?>
<!-- Generated by org.testng.reporters.JUnitXMLReporter -->
<testsuite hostname="MAVBCP532" ignored="1" name="Grouping and Parameter Scenarios" tests="3" failures="0" timestamp="2020-06-28T17:04:26 IST" time="0.298" errors="0">
  <testcase name="add" time="0.037" classname="com.testNGassignment.TestNG_Groups_Parameters"/>
  <testcase name="divide" time="0.008" classname="com.testNGassignment.TestNG_Groups_Parameters"/>
  <testcase name="multiply" time="0.029" classname="com.testNGassignment.TestNG_Groups_Parameters"/>
  <testcase name="subtract" time="0.0" classname="com.testNGassignment.TestNG_Groups_Parameters">
    <ignored/>
  </testcase> <!-- subtract -->
</testsuite> <!-- Grouping and Parameter Scenarios -->
