<?xml version="1.0" encoding="UTF-8"?>
<!-- Generated by org.testng.reporters.JUnitXMLReporter -->
<testsuite hostname="MAVBCP532" ignored="4" name="Grouping and Parameter Scenarios" tests="9" failures="0" timestamp="2020-06-28T18:56:05 IST" time="0.439" errors="0">
  <testcase name="add" time="0.028" classname="com.testNGassignment.TestNG_Groups_Parameters"/>
  <testcase name="divide" time="0.009" classname="com.testNGassignment.TestNG_Groups_Parameters"/>
  <testcase name="multiply" time="0.016" classname="com.testNGassignment.TestNG_Groups_Parameters"/>
  <testcase name="add" time="0.015" classname="com.testNGassignment.Calculator"/>
  <testcase name="divideInt" time="0.014" classname="com.testNGassignment.Calculator"/>
  <testcase name="exponent" time="0.011" classname="com.testNGassignment.Calculator"/>
  <testcase name="modulus" time="0.028" classname="com.testNGassignment.Calculator"/>
  <testcase name="negate" time="0.006" classname="com.testNGassignment.Calculator"/>
  <testcase name="subtract" time="0.007" classname="com.testNGassignment.Calculator"/>
  <testcase name="inverse" time="0.0" classname="com.testNGassignment.Calculator">
    <ignored/>
  </testcase> <!-- inverse -->
  <testcase name="divideReal" time="0.0" classname="com.testNGassignment.Calculator">
    <ignored/>
  </testcase> <!-- divideReal -->
  <testcase name="multiply" time="0.0" classname="com.testNGassignment.Calculator">
    <ignored/>
  </testcase> <!-- multiply -->
  <testcase name="subtract" time="0.0" classname="com.testNGassignment.TestNG_Groups_Parameters">
    <ignored/>
  </testcase> <!-- subtract -->
</testsuite> <!-- Grouping and Parameter Scenarios -->
