<?xml version="1.0" encoding="UTF-8"?>
<!-- Generated by org.testng.reporters.JUnitXMLReporter -->
<testsuite hostname="MAVBCP532" ignored="0" name="Test" tests="21" failures="0" timestamp="2020-06-28T17:14:48 IST" time="1.106" errors="0">
  <testcase name="add" time="0.031" classname="com.testNGassignment.Calculator"/>
  <testcase name="add" time="0.022" classname="com.testNGassignment.Testng_DataProviders"/>
  <testcase name="divideInt" time="0.016" classname="com.testNGassignment.Calculator"/>
  <testcase name="add" time="0.028" classname="com.testNGassignment.Testng_DataProviders"/>
  <testcase name="add" time="0.011" classname="com.testNGassignment.Testng_DataProviders"/>
  <testcase name="divide" time="0.013" classname="com.testNGassignment.Testng_DataProviders"/>
  <testcase name="divide" time="0.005" classname="com.testNGassignment.Testng_DataProviders"/>
  <testcase name="divideReal" time="0.153" classname="com.testNGassignment.Calculator"/>
  <testcase name="exponent" time="0.004" classname="com.testNGassignment.Calculator"/>
  <testcase name="inverse" time="0.014" classname="com.testNGassignment.Calculator"/>
  <testcase name="modulus" time="0.006" classname="com.testNGassignment.Calculator"/>
  <testcase name="multiply" time="0.009" classname="com.testNGassignment.Calculator"/>
  <testcase name="negate" time="0.096" classname="com.testNGassignment.Calculator"/>
  <testcase name="subtract" time="0.002" classname="com.testNGassignment.Calculator"/>
  <testcase name="divide" time="0.08" classname="com.testNGassignment.Testng_DataProviders"/>
  <testcase name="multiply" time="0.011" classname="com.testNGassignment.Testng_DataProviders"/>
  <testcase name="multiply" time="0.027" classname="com.testNGassignment.Testng_DataProviders"/>
  <testcase name="multiply" time="0.017" classname="com.testNGassignment.Testng_DataProviders"/>
  <testcase name="subtract" time="0.011" classname="com.testNGassignment.Testng_DataProviders"/>
  <testcase name="subtract" time="0.12" classname="com.testNGassignment.Testng_DataProviders"/>
  <testcase name="subtract" time="0.004" classname="com.testNGassignment.Testng_DataProviders"/>
</testsuite> <!-- Test -->
