<?xml version="1.0" encoding="UTF-8"?>
<!-- Generated by org.testng.reporters.JUnitXMLReporter -->
<testsuite hostname="MAVBCP532" ignored="0" name="Test" tests="21" failures="0" timestamp="2020-06-28T18:48:45 IST" time="4.039" errors="0">
  <testcase name="add" time="3.19" classname="com.testNGassignment.Calculator"/>
  <testcase name="divideReal" time="0.015" classname="com.testNGassignment.Calculator"/>
  <testcase name="divideInt" time="3.191" classname="com.testNGassignment.Calculator"/>
  <testcase name="exponent" time="0.007" classname="com.testNGassignment.Calculator"/>
  <testcase name="inverse" time="0.012" classname="com.testNGassignment.Calculator"/>
  <testcase name="modulus" time="0.004" classname="com.testNGassignment.Calculator"/>
  <testcase name="multiply" time="0.025" classname="com.testNGassignment.Calculator"/>
  <testcase name="negate" time="0.007" classname="com.testNGassignment.Calculator"/>
  <testcase name="subtract" time="0.003" classname="com.testNGassignment.Calculator"/>
  <testcase name="add" time="0.014" classname="com.testNGassignment.Testng_DataProviders"/>
  <testcase name="divide" time="0.002" classname="com.testNGassignment.Testng_DataProviders"/>
  <testcase name="add" time="0.003" classname="com.testNGassignment.Testng_DataProviders"/>
  <testcase name="add" time="0.004" classname="com.testNGassignment.Testng_DataProviders"/>
  <testcase name="divide" time="0.035" classname="com.testNGassignment.Testng_DataProviders"/>
  <testcase name="multiply" time="0.003" classname="com.testNGassignment.Testng_DataProviders"/>
  <testcase name="multiply" time="0.017" classname="com.testNGassignment.Testng_DataProviders"/>
  <testcase name="multiply" time="0.016" classname="com.testNGassignment.Testng_DataProviders"/>
  <testcase name="subtract" time="0.004" classname="com.testNGassignment.Testng_DataProviders"/>
  <testcase name="divide" time="0.005" classname="com.testNGassignment.Testng_DataProviders"/>
  <testcase name="subtract" time="0.024" classname="com.testNGassignment.Testng_DataProviders"/>
  <testcase name="subtract" time="0.003" classname="com.testNGassignment.Testng_DataProviders"/>
</testsuite> <!-- Test -->
