<?xml version="1.0" encoding="UTF-8"?>
<testng-results skipped="0" failed="0" ignored="0" total="2" passed="2">
  <reporter-output>
    <line>
      <![CDATA[Failed due to Actual and Expected not matched]]>
    </line>
    <line>
      <![CDATA[Test Passed]]>
    </line>
  </reporter-output>
  <suite name="Default suite" duration-ms="55697" started-at="2020-06-28T19:08:53 IST" finished-at="2020-06-28T19:09:48 IST">
    <groups>
    </groups>
    <test name="Default test" duration-ms="55697" started-at="2020-06-28T19:08:53 IST" finished-at="2020-06-28T19:09:48 IST">
      <class name="com.testNGassignment.TestNG_AssertionReports">
        <test-method status="PASS" signature="method3()[pri:0, instance:com.testNGassignment.TestNG_AssertionReports@4eb7f003]" name="method3" duration-ms="28382" started-at="2020-06-28T19:08:53 IST" finished-at="2020-06-28T19:09:21 IST">
          <reporter-output>
            <line>
              <![CDATA[Failed due to Actual and Expected not matched]]>
            </line>
          </reporter-output>
        </test-method> <!-- method3 -->
        <test-method status="PASS" signature="method4()[pri:0, instance:com.testNGassignment.TestNG_AssertionReports@4eb7f003]" name="method4" duration-ms="25764" started-at="2020-06-28T19:09:22 IST" finished-at="2020-06-28T19:09:48 IST">
          <reporter-output>
            <line>
              <![CDATA[Test Passed]]>
            </line>
          </reporter-output>
        </test-method> <!-- method4 -->
      </class> <!-- com.testNGassignment.TestNG_AssertionReports -->
    </test> <!-- Default test -->
  </suite> <!-- Default suite -->
</testng-results>
