<?xml version="1.0" encoding="UTF-8"?>
<testng-results skipped="0" failed="0" ignored="0" total="21" passed="21">
  <reporter-output>
  </reporter-output>
  <suite name="Suite" duration-ms="1106" started-at="2020-06-28T17:14:47 IST" finished-at="2020-06-28T17:14:48 IST">
    <groups>
      <group name="Track B">
        <method signature="Calculator.divideReal()[pri:0, instance:com.testNGassignment.Calculator@612fc6eb]" name="divideReal" class="com.testNGassignment.Calculator"/>
        <method signature="Calculator.inverse()[pri:0, instance:com.testNGassignment.Calculator@612fc6eb]" name="inverse" class="com.testNGassignment.Calculator"/>
        <method signature="Calculator.multiply()[pri:0, instance:com.testNGassignment.Calculator@612fc6eb]" name="multiply" class="com.testNGassignment.Calculator"/>
      </group> <!-- Track B -->
      <group name="Track A">
        <method signature="Calculator.add()[pri:0, instance:com.testNGassignment.Calculator@612fc6eb]" name="add" class="com.testNGassignment.Calculator"/>
        <method signature="Calculator.exponent()[pri:0, instance:com.testNGassignment.Calculator@612fc6eb]" name="exponent" class="com.testNGassignment.Calculator"/>
        <method signature="Calculator.negate()[pri:0, instance:com.testNGassignment.Calculator@612fc6eb]" name="negate" class="com.testNGassignment.Calculator"/>
        <method signature="Calculator.subtract()[pri:0, instance:com.testNGassignment.Calculator@612fc6eb]" name="subtract" class="com.testNGassignment.Calculator"/>
      </group> <!-- Track A -->
      <group name="Track C">
        <method signature="Calculator.divideInt()[pri:0, instance:com.testNGassignment.Calculator@612fc6eb]" name="divideInt" class="com.testNGassignment.Calculator"/>
        <method signature="Calculator.modulus()[pri:0, instance:com.testNGassignment.Calculator@612fc6eb]" name="modulus" class="com.testNGassignment.Calculator"/>
      </group> <!-- Track C -->
    </groups>
    <test name="Test" duration-ms="1106" started-at="2020-06-28T17:14:47 IST" finished-at="2020-06-28T17:14:48 IST">
      <class name="com.testNGassignment.Testng_DataProviders">
        <test-method status="PASS" signature="add(int, int)[pri:0, instance:com.testNGassignment.Testng_DataProviders@1060b431]" name="add" duration-ms="22" started-at="2020-06-28T17:14:47 IST" data-provider="inputs" finished-at="2020-06-28T17:14:47 IST">
          <params>
            <param index="0">
              <value>
                <![CDATA[4]]>
              </value>
            </param>
            <param index="1">
              <value>
                <![CDATA[2]]>
              </value>
            </param>
          </params>
          <reporter-output>
          </reporter-output>
        </test-method> <!-- add -->
        <test-method status="PASS" signature="add(int, int)[pri:0, instance:com.testNGassignment.Testng_DataProviders@1060b431]" name="add" duration-ms="28" started-at="2020-06-28T17:14:47 IST" data-provider="inputs" finished-at="2020-06-28T17:14:47 IST">
          <params>
            <param index="0">
              <value>
                <![CDATA[4]]>
              </value>
            </param>
            <param index="1">
              <value>
                <![CDATA[6]]>
              </value>
            </param>
          </params>
          <reporter-output>
          </reporter-output>
        </test-method> <!-- add -->
        <test-method status="PASS" signature="add(int, int)[pri:0, instance:com.testNGassignment.Testng_DataProviders@1060b431]" name="add" duration-ms="11" started-at="2020-06-28T17:14:47 IST" data-provider="inputs" finished-at="2020-06-28T17:14:47 IST">
          <params>
            <param index="0">
              <value>
                <![CDATA[4]]>
              </value>
            </param>
            <param index="1">
              <value>
                <![CDATA[4]]>
              </value>
            </param>
          </params>
          <reporter-output>
          </reporter-output>
        </test-method> <!-- add -->
        <test-method status="PASS" signature="divide(int, int)[pri:0, instance:com.testNGassignment.Testng_DataProviders@1060b431]" name="divide" duration-ms="13" started-at="2020-06-28T17:14:47 IST" data-provider="inputs" finished-at="2020-06-28T17:14:47 IST">
          <params>
            <param index="0">
              <value>
                <![CDATA[4]]>
              </value>
            </param>
            <param index="1">
              <value>
                <![CDATA[2]]>
              </value>
            </param>
          </params>
          <reporter-output>
          </reporter-output>
        </test-method> <!-- divide -->
        <test-method status="PASS" signature="divide(int, int)[pri:0, instance:com.testNGassignment.Testng_DataProviders@1060b431]" name="divide" duration-ms="5" started-at="2020-06-28T17:14:47 IST" data-provider="inputs" finished-at="2020-06-28T17:14:47 IST">
          <params>
            <param index="0">
              <value>
                <![CDATA[4]]>
              </value>
            </param>
            <param index="1">
              <value>
                <![CDATA[6]]>
              </value>
            </param>
          </params>
          <reporter-output>
          </reporter-output>
        </test-method> <!-- divide -->
        <test-method status="PASS" signature="divide(int, int)[pri:0, instance:com.testNGassignment.Testng_DataProviders@1060b431]" name="divide" duration-ms="80" started-at="2020-06-28T17:14:48 IST" data-provider="inputs" finished-at="2020-06-28T17:14:48 IST">
          <params>
            <param index="0">
              <value>
                <![CDATA[4]]>
              </value>
            </param>
            <param index="1">
              <value>
                <![CDATA[4]]>
              </value>
            </param>
          </params>
          <reporter-output>
          </reporter-output>
        </test-method> <!-- divide -->
        <test-method status="PASS" signature="multiply(int, int)[pri:0, instance:com.testNGassignment.Testng_DataProviders@1060b431]" name="multiply" duration-ms="11" started-at="2020-06-28T17:14:48 IST" data-provider="inputs" finished-at="2020-06-28T17:14:48 IST">
          <params>
            <param index="0">
              <value>
                <![CDATA[4]]>
              </value>
            </param>
            <param index="1">
              <value>
                <![CDATA[2]]>
              </value>
            </param>
          </params>
          <reporter-output>
          </reporter-output>
        </test-method> <!-- multiply -->
        <test-method status="PASS" signature="multiply(int, int)[pri:0, instance:com.testNGassignment.Testng_DataProviders@1060b431]" name="multiply" duration-ms="27" started-at="2020-06-28T17:14:48 IST" data-provider="inputs" finished-at="2020-06-28T17:14:48 IST">
          <params>
            <param index="0">
              <value>
                <![CDATA[4]]>
              </value>
            </param>
            <param index="1">
              <value>
                <![CDATA[6]]>
              </value>
            </param>
          </params>
          <reporter-output>
          </reporter-output>
        </test-method> <!-- multiply -->
        <test-method status="PASS" signature="multiply(int, int)[pri:0, instance:com.testNGassignment.Testng_DataProviders@1060b431]" name="multiply" duration-ms="17" started-at="2020-06-28T17:14:48 IST" data-provider="inputs" finished-at="2020-06-28T17:14:48 IST">
          <params>
            <param index="0">
              <value>
                <![CDATA[4]]>
              </value>
            </param>
            <param index="1">
              <value>
                <![CDATA[4]]>
              </value>
            </param>
          </params>
          <reporter-output>
          </reporter-output>
        </test-method> <!-- multiply -->
        <test-method status="PASS" signature="subtract(int, int)[pri:0, instance:com.testNGassignment.Testng_DataProviders@1060b431]" name="subtract" duration-ms="11" started-at="2020-06-28T17:14:48 IST" data-provider="inputs" finished-at="2020-06-28T17:14:48 IST">
          <params>
            <param index="0">
              <value>
                <![CDATA[4]]>
              </value>
            </param>
            <param index="1">
              <value>
                <![CDATA[2]]>
              </value>
            </param>
          </params>
          <reporter-output>
          </reporter-output>
        </test-method> <!-- subtract -->
        <test-method status="PASS" signature="subtract(int, int)[pri:0, instance:com.testNGassignment.Testng_DataProviders@1060b431]" name="subtract" duration-ms="120" started-at="2020-06-28T17:14:48 IST" data-provider="inputs" finished-at="2020-06-28T17:14:48 IST">
          <params>
            <param index="0">
              <value>
                <![CDATA[4]]>
              </value>
            </param>
            <param index="1">
              <value>
                <![CDATA[6]]>
              </value>
            </param>
          </params>
          <reporter-output>
          </reporter-output>
        </test-method> <!-- subtract -->
        <test-method status="PASS" signature="subtract(int, int)[pri:0, instance:com.testNGassignment.Testng_DataProviders@1060b431]" name="subtract" duration-ms="4" started-at="2020-06-28T17:14:48 IST" data-provider="inputs" finished-at="2020-06-28T17:14:48 IST">
          <params>
            <param index="0">
              <value>
                <![CDATA[4]]>
              </value>
            </param>
            <param index="1">
              <value>
                <![CDATA[4]]>
              </value>
            </param>
          </params>
          <reporter-output>
          </reporter-output>
        </test-method> <!-- subtract -->
      </class> <!-- com.testNGassignment.Testng_DataProviders -->
      <class name="com.testNGassignment.Calculator">
        <test-method status="PASS" signature="add()[pri:0, instance:com.testNGassignment.Calculator@612fc6eb]" name="add" duration-ms="31" started-at="2020-06-28T17:14:47 IST" finished-at="2020-06-28T17:14:47 IST">
          <reporter-output>
          </reporter-output>
        </test-method> <!-- add -->
        <test-method status="PASS" signature="divideInt()[pri:0, instance:com.testNGassignment.Calculator@612fc6eb]" name="divideInt" duration-ms="16" started-at="2020-06-28T17:14:47 IST" finished-at="2020-06-28T17:14:47 IST">
          <reporter-output>
          </reporter-output>
        </test-method> <!-- divideInt -->
        <test-method status="PASS" signature="divideReal()[pri:0, instance:com.testNGassignment.Calculator@612fc6eb]" name="divideReal" duration-ms="153" started-at="2020-06-28T17:14:47 IST" finished-at="2020-06-28T17:14:47 IST">
          <reporter-output>
          </reporter-output>
        </test-method> <!-- divideReal -->
        <test-method status="PASS" signature="exponent()[pri:0, instance:com.testNGassignment.Calculator@612fc6eb]" name="exponent" duration-ms="4" started-at="2020-06-28T17:14:47 IST" finished-at="2020-06-28T17:14:47 IST">
          <reporter-output>
          </reporter-output>
        </test-method> <!-- exponent -->
        <test-method status="PASS" signature="inverse()[pri:0, instance:com.testNGassignment.Calculator@612fc6eb]" name="inverse" duration-ms="14" started-at="2020-06-28T17:14:47 IST" finished-at="2020-06-28T17:14:47 IST">
          <reporter-output>
          </reporter-output>
        </test-method> <!-- inverse -->
        <test-method status="PASS" signature="modulus()[pri:0, instance:com.testNGassignment.Calculator@612fc6eb]" name="modulus" duration-ms="6" started-at="2020-06-28T17:14:47 IST" finished-at="2020-06-28T17:14:48 IST">
          <reporter-output>
          </reporter-output>
        </test-method> <!-- modulus -->
        <test-method status="PASS" signature="multiply()[pri:0, instance:com.testNGassignment.Calculator@612fc6eb]" name="multiply" duration-ms="9" started-at="2020-06-28T17:14:48 IST" finished-at="2020-06-28T17:14:48 IST">
          <reporter-output>
          </reporter-output>
        </test-method> <!-- multiply -->
        <test-method status="PASS" signature="negate()[pri:0, instance:com.testNGassignment.Calculator@612fc6eb]" name="negate" duration-ms="96" started-at="2020-06-28T17:14:48 IST" finished-at="2020-06-28T17:14:48 IST">
          <reporter-output>
          </reporter-output>
        </test-method> <!-- negate -->
        <test-method status="PASS" signature="subtract()[pri:0, instance:com.testNGassignment.Calculator@612fc6eb]" name="subtract" duration-ms="2" started-at="2020-06-28T17:14:48 IST" finished-at="2020-06-28T17:14:48 IST">
          <reporter-output>
          </reporter-output>
        </test-method> <!-- subtract -->
      </class> <!-- com.testNGassignment.Calculator -->
    </test> <!-- Test -->
  </suite> <!-- Suite -->
</testng-results>
